<?xml version="1.0" encoding="UTF-8"?>
<testsuite xmlns:xsi="http://www.w3.org/2001/XMLSchema-instance" xsi:noNamespaceSchemaLocation="https://maven.apache.org/surefire/maven-surefire-plugin/xsd/surefire-test-report-3.0.xsd" version="3.0" name="com.amadeus.digital.cli.commands.TestSay" time="8.666" tests="9" errors="0" skipped="0" failures="0">
  <properties>
[...]
</properties>
  <testcase name="sayHello(LaunchResult)" classname="com.amadeus.digital.cli.commands.TestSay" time="3.175">
    <system-out><![CDATA[2023-05-24 20:50:28,987 WARN  [org.jbo.res.cli.jax.i18n] (Cleaner-0) RESTEASY004687: Closing a class org.jboss.resteasy.client.jaxrs.engines.ManualClosingApacheHttpClient43Engine$CleanupAction instance for you. Please close clients yourself.
2023-05-24 20:50:29,015 WARN  [org.jbo.res.cli.jax.i18n] (Cleaner-0) RESTEASY004687: Closing a class org.jboss.resteasy.client.jaxrs.engines.ManualClosingApacheHttpClient43Engine$CleanupAction instance for you. Please close clients yourself.
2023-05-24 20:50:29,019 WARN  [org.jbo.res.cli.jax.i18n] (Cleaner-0) RESTEASY004687: Closing a class org.jboss.resteasy.client.jaxrs.engines.ManualClosingApacheHttpClient43Engine$CleanupAction instance for you. Please close clients yourself.
2023-05-24 20:50:29,036 INFO  [org.ecl.jet.uti.log] (pool-34-thread-1) Logging initialized @21156ms to org.eclipse.jetty.util.log.Slf4jLog
2023-05-24 20:50:29,112 WARN  [org.ecl.jet.ser.AbstractConnector] (pool-34-thread-1) Acceptors should be <= availableProcessors: NetworkTrafficServerConnector@17bb9d53{HTTP/1.1, (http/1.1, h2c)}{0.0.0.0:0}
2023-05-24 20:50:29,294 INFO  [org.ecl.jet.ser.Server] (pool-34-thread-1) jetty-9.4.49.v20220914; built: 2022-09-14T01:07:36.601Z; git: 4231a3b2e4cb8548a412a789936d640a97b1aa0a; jvm 11.0.19+7
2023-05-24 20:50:29,305 INFO  [org.ecl.jet.ser.han.ContextHandler] (pool-34-thread-1) Started o.e.j.s.ServletContextHandler@d66a031{/__admin,null,AVAILABLE}
2023-05-24 20:50:29,312 INFO  [org.ecl.jet.ser.han.Con.ROOT] (pool-34-thread-1) RequestHandlerClass from context returned com.github.tomakehurst.wiremock.http.StubRequestHandler. Normalized mapped under returned 'null'
2023-05-24 20:50:29,312 INFO  [org.ecl.jet.ser.han.ContextHandler] (pool-34-thread-1) Started o.e.j.s.ServletContextHandler@63184980{/,null,AVAILABLE}
2023-05-24 20:50:29,320 INFO  [org.ecl.jet.ser.AbstractConnector] (pool-34-thread-1) Started NetworkTrafficServerConnector@17bb9d53{HTTP/1.1, (http/1.1, h2c)}{0.0.0.0:8089}
2023-05-24 20:50:29,321 INFO  [org.ecl.jet.ser.Server] (pool-34-thread-1) Started @21441ms
2023-05-24 20:50:29,475 INFO  [org.ecl.jet.ser.han.Con.__admin] (qtp325866048-822) RequestHandlerClass from context returned com.github.tomakehurst.wiremock.http.AdminRequestHandler. Normalized mapped under returned 'null'
Hello 
2023-05-24 20:50:29,985 INFO  [OUTPUT] (main) Hello 
2023-05-24 20:50:29,993 INFO  [org.ecl.jet.ser.AbstractConnector] (main) Stopped NetworkTrafficServerConnector@17bb9d53{HTTP/1.1, (http/1.1, h2c)}{0.0.0.0:8089}
2023-05-24 20:50:29,994 INFO  [org.ecl.jet.ser.han.ContextHandler] (main) Stopped o.e.j.s.ServletContextHandler@63184980{/,null,STOPPED}
2023-05-24 20:50:29,994 INFO  [org.ecl.jet.ser.han.ContextHandler] (main) Stopped o.e.j.s.ServletContextHandler@d66a031{/__admin,null,STOPPED}
]]></system-out>
  </testcase>
  <testcase name="sayHelloFAils(LaunchResult)" classname="com.amadeus.digital.cli.commands.TestSay" time="0.709">
    <system-out><![CDATA[2023-05-24 20:50:30,573 WARN  [org.ecl.jet.ser.AbstractConnector] (pool-39-thread-1) Acceptors should be <= availableProcessors: NetworkTrafficServerConnector@36429230{HTTP/1.1, (http/1.1, h2c)}{0.0.0.0:0}
2023-05-24 20:50:30,575 INFO  [org.ecl.jet.ser.Server] (pool-39-thread-1) jetty-9.4.49.v20220914; built: 2022-09-14T01:07:36.601Z; git: 4231a3b2e4cb8548a412a789936d640a97b1aa0a; jvm 11.0.19+7
2023-05-24 20:50:30,576 INFO  [org.ecl.jet.ser.han.ContextHandler] (pool-39-thread-1) Started o.e.j.s.ServletContextHandler@197fab30{/__admin,null,AVAILABLE}
2023-05-24 20:50:30,577 INFO  [org.ecl.jet.ser.han.Con.ROOT] (pool-39-thread-1) RequestHandlerClass from context returned com.github.tomakehurst.wiremock.http.StubRequestHandler. Normalized mapped under returned 'null'
2023-05-24 20:50:30,577 INFO  [org.ecl.jet.ser.han.ContextHandler] (pool-39-thread-1) Started o.e.j.s.ServletContextHandler@5d375b32{/,null,AVAILABLE}
2023-05-24 20:50:30,581 INFO  [org.ecl.jet.ser.AbstractConnector] (pool-39-thread-1) Started NetworkTrafficServerConnector@36429230{HTTP/1.1, (http/1.1, h2c)}{0.0.0.0:8089}
2023-05-24 20:50:30,582 INFO  [org.ecl.jet.ser.Server] (pool-39-thread-1) Started @22702ms
2023-05-24 20:50:30,590 INFO  [org.ecl.jet.ser.han.Con.__admin] (qtp1241474113-890) RequestHandlerClass from context returned com.github.tomakehurst.wiremock.http.AdminRequestHandler. Normalized mapped under returned 'null'
Hello 
2023-05-24 20:50:30,698 INFO  [OUTPUT] (main) Hello 
You asked to be rude
2023-05-24 20:50:30,698 ERROR [OUTPUT] (main) You asked to be rude
2023-05-24 20:50:30,703 INFO  [org.ecl.jet.ser.AbstractConnector] (main) Stopped NetworkTrafficServerConnector@36429230{HTTP/1.1, (http/1.1, h2c)}{0.0.0.0:8089}
2023-05-24 20:50:30,704 INFO  [org.ecl.jet.ser.han.ContextHandler] (main) Stopped o.e.j.s.ServletContextHandler@5d375b32{/,null,STOPPED}
2023-05-24 20:50:30,704 INFO  [org.ecl.jet.ser.han.ContextHandler] (main) Stopped o.e.j.s.ServletContextHandler@197fab30{/__admin,null,STOPPED}
]]></system-out>
  </testcase>
  <testcase name="sayGoodbyeFAils(LaunchResult)" classname="com.amadeus.digital.cli.commands.TestSay" time="0.867">
    <system-out><![CDATA[2023-05-24 20:50:31,454 WARN  [org.ecl.jet.ser.AbstractConnector] (pool-42-thread-1) Acceptors should be <= availableProcessors: NetworkTrafficServerConnector@2aa2480a{HTTP/1.1, (http/1.1, h2c)}{0.0.0.0:0}
2023-05-24 20:50:31,458 INFO  [org.ecl.jet.ser.Server] (pool-42-thread-1) jetty-9.4.49.v20220914; built: 2022-09-14T01:07:36.601Z; git: 4231a3b2e4cb8548a412a789936d640a97b1aa0a; jvm 11.0.19+7
2023-05-24 20:50:31,464 INFO  [org.ecl.jet.ser.han.ContextHandler] (pool-42-thread-1) Started o.e.j.s.ServletContextHandler@55b96403{/__admin,null,AVAILABLE}
2023-05-24 20:50:31,464 INFO  [org.ecl.jet.ser.han.Con.ROOT] (pool-42-thread-1) RequestHandlerClass from context returned com.github.tomakehurst.wiremock.http.StubRequestHandler. Normalized mapped under returned 'null'
2023-05-24 20:50:31,465 INFO  [org.ecl.jet.ser.han.ContextHandler] (pool-42-thread-1) Started o.e.j.s.ServletContextHandler@229bce4e{/,null,AVAILABLE}
2023-05-24 20:50:31,465 INFO  [org.ecl.jet.ser.AbstractConnector] (pool-42-thread-1) Started NetworkTrafficServerConnector@2aa2480a{HTTP/1.1, (http/1.1, h2c)}{0.0.0.0:8089}
2023-05-24 20:50:31,466 INFO  [org.ecl.jet.ser.Server] (pool-42-thread-1) Started @23586ms
2023-05-24 20:50:31,479 INFO  [org.ecl.jet.ser.han.Con.__admin] (qtp1764511652-963) RequestHandlerClass from context returned com.github.tomakehurst.wiremock.http.AdminRequestHandler. Normalized mapped under returned 'null'
Goodbye you
2023-05-24 20:50:31,576 INFO  [OUTPUT] (main) Goodbye you
You asked to fail
2023-05-24 20:50:31,576 ERROR [OUTPUT] (main) You asked to fail
2023-05-24 20:50:31,578 INFO  [org.ecl.jet.ser.AbstractConnector] (main) Stopped NetworkTrafficServerConnector@2aa2480a{HTTP/1.1, (http/1.1, h2c)}{0.0.0.0:8089}
2023-05-24 20:50:31,579 INFO  [org.ecl.jet.ser.han.ContextHandler] (main) Stopped o.e.j.s.ServletContextHandler@229bce4e{/,null,STOPPED}
2023-05-24 20:50:31,579 INFO  [org.ecl.jet.ser.han.ContextHandler] (main) Stopped o.e.j.s.ServletContextHandler@55b96403{/__admin,null,STOPPED}
]]></system-out>
  </testcase>
  <testcase name="proposesSubcommands(LaunchResult)" classname="com.amadeus.digital.cli.commands.TestSay" time="0.638">
    <system-out><![CDATA[2023-05-24 20:50:32,094 WARN  [org.ecl.jet.ser.AbstractConnector] (pool-45-thread-1) Acceptors should be <= availableProcessors: NetworkTrafficServerConnector@37e9a1fa{HTTP/1.1, (http/1.1, h2c)}{0.0.0.0:0}
2023-05-24 20:50:32,097 INFO  [org.ecl.jet.ser.Server] (pool-45-thread-1) jetty-9.4.49.v20220914; built: 2022-09-14T01:07:36.601Z; git: 4231a3b2e4cb8548a412a789936d640a97b1aa0a; jvm 11.0.19+7
2023-05-24 20:50:32,099 INFO  [org.ecl.jet.ser.han.ContextHandler] (pool-45-thread-1) Started o.e.j.s.ServletContextHandler@78dd6127{/__admin,null,AVAILABLE}
2023-05-24 20:50:32,100 INFO  [org.ecl.jet.ser.han.Con.ROOT] (pool-45-thread-1) RequestHandlerClass from context returned com.github.tomakehurst.wiremock.http.StubRequestHandler. Normalized mapped under returned 'null'
2023-05-24 20:50:32,100 INFO  [org.ecl.jet.ser.han.ContextHandler] (pool-45-thread-1) Started o.e.j.s.ServletContextHandler@4c818975{/,null,AVAILABLE}
2023-05-24 20:50:32,104 INFO  [org.ecl.jet.ser.AbstractConnector] (pool-45-thread-1) Started NetworkTrafficServerConnector@37e9a1fa{HTTP/1.1, (http/1.1, h2c)}{0.0.0.0:8089}
2023-05-24 20:50:32,104 INFO  [org.ecl.jet.ser.Server] (pool-45-thread-1) Started @24225ms
2023-05-24 20:50:32,123 INFO  [org.ecl.jet.ser.han.Con.__admin] (qtp1164757417-1032) RequestHandlerClass from context returned com.github.tomakehurst.wiremock.http.AdminRequestHandler. Normalized mapped under returned 'null'
Missing required subcommand
Sample CLI - a CLI to help you

Usage: samplecli say [COMMAND]
Just some examples of subcommands
Commands:
  hello    Say hello
  goodbye  Say you're leaving

Use "samplecli <command> --help" or "samplecli <command> -h" for more
information about a given command.
2023-05-24 20:50:32,220 INFO  [org.ecl.jet.ser.AbstractConnector] (main) Stopped NetworkTrafficServerConnector@37e9a1fa{HTTP/1.1, (http/1.1, h2c)}{0.0.0.0:8089}
2023-05-24 20:50:32,221 INFO  [org.ecl.jet.ser.han.ContextHandler] (main) Stopped o.e.j.s.ServletContextHandler@4c818975{/,null,STOPPED}
2023-05-24 20:50:32,221 INFO  [org.ecl.jet.ser.han.ContextHandler] (main) Stopped o.e.j.s.ServletContextHandler@78dd6127{/__admin,null,STOPPED}
]]></system-out>
  </testcase>
  <testcase name="printsHelp(LaunchResult)" classname="com.amadeus.digital.cli.commands.TestSay" time="0.832">
    <system-out><![CDATA[2023-05-24 20:50:32,776 WARN  [org.ecl.jet.ser.AbstractConnector] (pool-48-thread-1) Acceptors should be <= availableProcessors: NetworkTrafficServerConnector@c1cdca{HTTP/1.1, (http/1.1, h2c)}{0.0.0.0:0}
2023-05-24 20:50:32,779 INFO  [org.ecl.jet.ser.Server] (pool-48-thread-1) jetty-9.4.49.v20220914; built: 2022-09-14T01:07:36.601Z; git: 4231a3b2e4cb8548a412a789936d640a97b1aa0a; jvm 11.0.19+7
2023-05-24 20:50:32,833 INFO  [org.ecl.jet.ser.han.ContextHandler] (pool-48-thread-1) Started o.e.j.s.ServletContextHandler@47d613d4{/__admin,null,AVAILABLE}
2023-05-24 20:50:32,833 INFO  [org.ecl.jet.ser.han.Con.ROOT] (pool-48-thread-1) RequestHandlerClass from context returned com.github.tomakehurst.wiremock.http.StubRequestHandler. Normalized mapped under returned 'null'
2023-05-24 20:50:32,833 INFO  [org.ecl.jet.ser.han.ContextHandler] (pool-48-thread-1) Started o.e.j.s.ServletContextHandler@2f9c0eff{/,null,AVAILABLE}
2023-05-24 20:50:32,836 INFO  [org.ecl.jet.ser.AbstractConnector] (pool-48-thread-1) Started NetworkTrafficServerConnector@c1cdca{HTTP/1.1, (http/1.1, h2c)}{0.0.0.0:8089}
2023-05-24 20:50:32,836 INFO  [org.ecl.jet.ser.Server] (pool-48-thread-1) Started @24957ms
2023-05-24 20:50:32,853 INFO  [org.ecl.jet.ser.han.Con.__admin] (qtp456762426-1104) RequestHandlerClass from context returned com.github.tomakehurst.wiremock.http.AdminRequestHandler. Normalized mapped under returned 'null'
Missing required subcommand
Sample CLI - a CLI to help you

Usage: samplecli say [COMMAND]
Just some examples of subcommands
Commands:
  hello    Say hello
  goodbye  Say you're leaving

Use "samplecli <command> --help" or "samplecli <command> -h" for more
information about a given command.
2023-05-24 20:50:33,053 INFO  [org.ecl.jet.ser.AbstractConnector] (main) Stopped NetworkTrafficServerConnector@c1cdca{HTTP/1.1, (http/1.1, h2c)}{0.0.0.0:8089}
2023-05-24 20:50:33,054 INFO  [org.ecl.jet.ser.han.ContextHandler] (main) Stopped o.e.j.s.ServletContextHandler@2f9c0eff{/,null,STOPPED}
2023-05-24 20:50:33,054 INFO  [org.ecl.jet.ser.han.ContextHandler] (main) Stopped o.e.j.s.ServletContextHandler@47d613d4{/__admin,null,STOPPED}
]]></system-out>
  </testcase>
  <testcase name="sayGoodbyeRequiresParameter(LaunchResult)" classname="com.amadeus.digital.cli.commands.TestSay" time="0.625">
    <system-out><![CDATA[2023-05-24 20:50:33,531 WARN  [org.ecl.jet.ser.AbstractConnector] (pool-51-thread-1) Acceptors should be <= availableProcessors: NetworkTrafficServerConnector@50c7e292{HTTP/1.1, (http/1.1, h2c)}{0.0.0.0:0}
2023-05-24 20:50:33,534 INFO  [org.ecl.jet.ser.Server] (pool-51-thread-1) jetty-9.4.49.v20220914; built: 2022-09-14T01:07:36.601Z; git: 4231a3b2e4cb8548a412a789936d640a97b1aa0a; jvm 11.0.19+7
2023-05-24 20:50:33,535 INFO  [org.ecl.jet.ser.han.ContextHandler] (pool-51-thread-1) Started o.e.j.s.ServletContextHandler@b44351f{/__admin,null,AVAILABLE}
2023-05-24 20:50:33,535 INFO  [org.ecl.jet.ser.han.Con.ROOT] (pool-51-thread-1) RequestHandlerClass from context returned com.github.tomakehurst.wiremock.http.StubRequestHandler. Normalized mapped under returned 'null'
2023-05-24 20:50:33,536 INFO  [org.ecl.jet.ser.han.ContextHandler] (pool-51-thread-1) Started o.e.j.s.ServletContextHandler@74c37a83{/,null,AVAILABLE}
2023-05-24 20:50:33,539 INFO  [org.ecl.jet.ser.AbstractConnector] (pool-51-thread-1) Started NetworkTrafficServerConnector@50c7e292{HTTP/1.1, (http/1.1, h2c)}{0.0.0.0:8089}
2023-05-24 20:50:33,540 INFO  [org.ecl.jet.ser.Server] (pool-51-thread-1) Started @25660ms
2023-05-24 20:50:33,551 INFO  [org.ecl.jet.ser.han.Con.__admin] (qtp1263077700-1178) RequestHandlerClass from context returned com.github.tomakehurst.wiremock.http.AdminRequestHandler. Normalized mapped under returned 'null'
Missing required parameter: '<who>'
Sample CLI - a CLI to help you

Usage: samplecli say goodbye [-fe] [-t=<times>] <who>
Say you're leaving
      <who>             Name of who to greet
  -f, --fail            Makes the command fail to say Goodbye
  -t, --times=<times>   Should we repeat?
  -e, --exclamation     Just a goodbye message or an exclamation?

Use "samplecli <command> --help" or "samplecli <command> -h" for more
information about a given command.
2023-05-24 20:50:33,679 INFO  [org.ecl.jet.ser.AbstractConnector] (main) Stopped NetworkTrafficServerConnector@50c7e292{HTTP/1.1, (http/1.1, h2c)}{0.0.0.0:8089}
2023-05-24 20:50:33,680 INFO  [org.ecl.jet.ser.han.ContextHandler] (main) Stopped o.e.j.s.ServletContextHandler@74c37a83{/,null,STOPPED}
2023-05-24 20:50:33,681 INFO  [org.ecl.jet.ser.han.ContextHandler] (main) Stopped o.e.j.s.ServletContextHandler@b44351f{/__admin,null,STOPPED}
]]></system-out>
  </testcase>
  <testcase name="sayHelloWithExclamation(LaunchResult)" classname="com.amadeus.digital.cli.commands.TestSay" time="0.583">
    <system-out><![CDATA[2023-05-24 20:50:34,142 WARN  [org.ecl.jet.ser.AbstractConnector] (pool-54-thread-1) Acceptors should be <= availableProcessors: NetworkTrafficServerConnector@5c240590{HTTP/1.1, (http/1.1, h2c)}{0.0.0.0:0}
2023-05-24 20:50:34,144 INFO  [org.ecl.jet.ser.Server] (pool-54-thread-1) jetty-9.4.49.v20220914; built: 2022-09-14T01:07:36.601Z; git: 4231a3b2e4cb8548a412a789936d640a97b1aa0a; jvm 11.0.19+7
2023-05-24 20:50:34,148 INFO  [org.ecl.jet.ser.han.ContextHandler] (pool-54-thread-1) Started o.e.j.s.ServletContextHandler@71ba01ac{/__admin,null,AVAILABLE}
2023-05-24 20:50:34,148 INFO  [org.ecl.jet.ser.han.Con.ROOT] (pool-54-thread-1) RequestHandlerClass from context returned com.github.tomakehurst.wiremock.http.StubRequestHandler. Normalized mapped under returned 'null'
2023-05-24 20:50:34,148 INFO  [org.ecl.jet.ser.han.ContextHandler] (pool-54-thread-1) Started o.e.j.s.ServletContextHandler@67ff0599{/,null,AVAILABLE}
2023-05-24 20:50:34,150 INFO  [org.ecl.jet.ser.AbstractConnector] (pool-54-thread-1) Started NetworkTrafficServerConnector@5c240590{HTTP/1.1, (http/1.1, h2c)}{0.0.0.0:8089}
2023-05-24 20:50:34,150 INFO  [org.ecl.jet.ser.Server] (pool-54-thread-1) Started @26271ms
2023-05-24 20:50:34,163 INFO  [org.ecl.jet.ser.han.Con.__admin] (qtp704085896-1247) RequestHandlerClass from context returned com.github.tomakehurst.wiremock.http.AdminRequestHandler. Normalized mapped under returned 'null'
Hello  !
2023-05-24 20:50:34,259 INFO  [OUTPUT] (main) Hello  !
2023-05-24 20:50:34,266 INFO  [org.ecl.jet.ser.AbstractConnector] (main) Stopped NetworkTrafficServerConnector@5c240590{HTTP/1.1, (http/1.1, h2c)}{0.0.0.0:8089}
2023-05-24 20:50:34,269 INFO  [org.ecl.jet.ser.han.ContextHandler] (main) Stopped o.e.j.s.ServletContextHandler@67ff0599{/,null,STOPPED}
2023-05-24 20:50:34,269 INFO  [org.ecl.jet.ser.han.ContextHandler] (main) Stopped o.e.j.s.ServletContextHandler@71ba01ac{/__admin,null,STOPPED}
]]></system-out>
  </testcase>
  <testcase name="sayHelloYou(LaunchResult)" classname="com.amadeus.digital.cli.commands.TestSay" time="0.612">
    <system-out><![CDATA[2023-05-24 20:50:34,742 WARN  [org.ecl.jet.ser.AbstractConnector] (pool-57-thread-1) Acceptors should be <= availableProcessors: NetworkTrafficServerConnector@46a763ff{HTTP/1.1, (http/1.1, h2c)}{0.0.0.0:0}
2023-05-24 20:50:34,744 INFO  [org.ecl.jet.ser.Server] (pool-57-thread-1) jetty-9.4.49.v20220914; built: 2022-09-14T01:07:36.601Z; git: 4231a3b2e4cb8548a412a789936d640a97b1aa0a; jvm 11.0.19+7
2023-05-24 20:50:34,746 INFO  [org.ecl.jet.ser.han.ContextHandler] (pool-57-thread-1) Started o.e.j.s.ServletContextHandler@33c1c170{/__admin,null,AVAILABLE}
2023-05-24 20:50:34,746 INFO  [org.ecl.jet.ser.han.Con.ROOT] (pool-57-thread-1) RequestHandlerClass from context returned com.github.tomakehurst.wiremock.http.StubRequestHandler. Normalized mapped under returned 'null'
2023-05-24 20:50:34,746 INFO  [org.ecl.jet.ser.han.ContextHandler] (pool-57-thread-1) Started o.e.j.s.ServletContextHandler@4bf8bb4{/,null,AVAILABLE}
2023-05-24 20:50:34,751 INFO  [org.ecl.jet.ser.AbstractConnector] (pool-57-thread-1) Started NetworkTrafficServerConnector@46a763ff{HTTP/1.1, (http/1.1, h2c)}{0.0.0.0:8089}
2023-05-24 20:50:34,751 INFO  [org.ecl.jet.ser.Server] (pool-57-thread-1) Started @26871ms
2023-05-24 20:50:34,783 INFO  [org.ecl.jet.ser.han.Con.__admin] (qtp1777413073-1322) RequestHandlerClass from context returned com.github.tomakehurst.wiremock.http.AdminRequestHandler. Normalized mapped under returned 'null'
Hello you
2023-05-24 20:50:34,878 INFO  [OUTPUT] (main) Hello you
2023-05-24 20:50:34,881 INFO  [org.ecl.jet.ser.AbstractConnector] (main) Stopped NetworkTrafficServerConnector@46a763ff{HTTP/1.1, (http/1.1, h2c)}{0.0.0.0:8089}
2023-05-24 20:50:34,881 INFO  [org.ecl.jet.ser.han.ContextHandler] (main) Stopped o.e.j.s.ServletContextHandler@4bf8bb4{/,null,STOPPED}
2023-05-24 20:50:34,882 INFO  [org.ecl.jet.ser.han.ContextHandler] (main) Stopped o.e.j.s.ServletContextHandler@33c1c170{/__admin,null,STOPPED}
]]></system-out>
  </testcase>
  <testcase name="sayGoodbye(LaunchResult)" classname="com.amadeus.digital.cli.commands.TestSay" time="0.583">
    <system-out><![CDATA[2023-05-24 20:50:35,344 WARN  [org.ecl.jet.ser.AbstractConnector] (pool-60-thread-1) Acceptors should be <= availableProcessors: NetworkTrafficServerConnector@44d6197a{HTTP/1.1, (http/1.1, h2c)}{0.0.0.0:0}
2023-05-24 20:50:35,348 INFO  [org.ecl.jet.ser.Server] (pool-60-thread-1) jetty-9.4.49.v20220914; built: 2022-09-14T01:07:36.601Z; git: 4231a3b2e4cb8548a412a789936d640a97b1aa0a; jvm 11.0.19+7
2023-05-24 20:50:35,356 INFO  [org.ecl.jet.ser.han.ContextHandler] (pool-60-thread-1) Started o.e.j.s.ServletContextHandler@3e88ad5f{/__admin,null,AVAILABLE}
2023-05-24 20:50:35,356 INFO  [org.ecl.jet.ser.han.Con.ROOT] (pool-60-thread-1) RequestHandlerClass from context returned com.github.tomakehurst.wiremock.http.StubRequestHandler. Normalized mapped under returned 'null'
2023-05-24 20:50:35,356 INFO  [org.ecl.jet.ser.han.ContextHandler] (pool-60-thread-1) Started o.e.j.s.ServletContextHandler@79f48f39{/,null,AVAILABLE}
2023-05-24 20:50:35,360 INFO  [org.ecl.jet.ser.AbstractConnector] (pool-60-thread-1) Started NetworkTrafficServerConnector@44d6197a{HTTP/1.1, (http/1.1, h2c)}{0.0.0.0:8089}
2023-05-24 20:50:35,360 INFO  [org.ecl.jet.ser.Server] (pool-60-thread-1) Started @27480ms
2023-05-24 20:50:35,373 INFO  [org.ecl.jet.ser.han.Con.__admin] (qtp880002440-1392) RequestHandlerClass from context returned com.github.tomakehurst.wiremock.http.AdminRequestHandler. Normalized mapped under returned 'null'
Goodbye you
2023-05-24 20:50:35,460 INFO  [OUTPUT] (main) Goodbye you
2023-05-24 20:50:35,465 INFO  [org.ecl.jet.ser.AbstractConnector] (main) Stopped NetworkTrafficServerConnector@44d6197a{HTTP/1.1, (http/1.1, h2c)}{0.0.0.0:8089}
2023-05-24 20:50:35,466 INFO  [org.ecl.jet.ser.han.ContextHandler] (main) Stopped o.e.j.s.ServletContextHandler@79f48f39{/,null,STOPPED}
2023-05-24 20:50:35,466 INFO  [org.ecl.jet.ser.han.ContextHandler] (main) Stopped o.e.j.s.ServletContextHandler@3e88ad5f{/__admin,null,STOPPED}
]]></system-out>
  </testcase>
</testsuite>